TN:
SF:/home/jesus/code/practice/otros/Testing with Angular/src/polyfills.ts
FNF:0
FNH:0
LF:0
LH:0
BRF:0
BRH:0
end_of_record
TN:
SF:/home/jesus/code/practice/otros/Testing with Angular/src/test.ts
FNF:0
FNH:0
DA:13,1
DA:18,1
DA:21,1
LF:3
LH:3
BRF:0
BRH:0
end_of_record
TN:
SF:/home/jesus/code/practice/otros/Testing with Angular/src/app/app.routes.ts
FNF:0
FNH:0
DA:6,1
LF:1
LH:1
BRF:0
BRH:0
end_of_record
TN:
SF:/home/jesus/code/practice/otros/Testing with Angular/src/app/exercises/1- text-summary-pipe/text-summary.pipe.ts
FN:7,(anonymous_0)
FNF:1
FNH:1
FNDA:6,(anonymous_0)
DA:6,1
DA:8,6
DA:9,3
DA:11,3
DA:12,3
LF:5
LH:5
BRDA:8,0,0,3
BRDA:8,0,1,3
BRDA:11,1,0,3
BRDA:11,1,1,1
BRDA:12,2,0,1
BRDA:12,2,1,2
BRF:6
BRH:6
end_of_record
TN:
SF:/home/jesus/code/practice/otros/Testing with Angular/src/app/exercises/2- like-component/like.component.ts
FN:24,(anonymous_0)
FN:28,(anonymous_1)
FNF:2
FNH:2
FNDA:3,(anonymous_0)
FNDA:3,(anonymous_1)
DA:24,1
DA:25,3
DA:26,3
DA:29,3
DA:30,3
LF:5
LH:5
BRDA:30,0,0,1
BRDA:30,0,1,2
BRF:2
BRH:2
end_of_record
TN:
SF:/home/jesus/code/practice/otros/Testing with Angular/src/app/exercises/3- voter-component/voter.component.ts
FN:41,(anonymous_0)
FN:47,(anonymous_1)
FN:56,(anonymous_2)
FN:65,(anonymous_3)
FNF:4
FNH:4
FNDA:9,(anonymous_0)
FNDA:4,(anonymous_1)
FNDA:4,(anonymous_2)
FNDA:5,(anonymous_3)
DA:41,1
DA:42,9
DA:43,9
DA:45,9
DA:48,4
DA:49,2
DA:51,2
DA:53,2
DA:57,4
DA:58,2
DA:60,2
DA:62,2
DA:66,5
LF:13
LH:13
BRDA:48,0,0,2
BRDA:48,0,1,2
BRDA:57,1,0,2
BRDA:57,1,1,2
BRF:4
BRH:4
end_of_record
TN:
SF:/home/jesus/code/practice/otros/Testing with Angular/src/app/exercises/4- user-component/user.service.ts
FN:10,(anonymous_0)
FN:13,(anonymous_1)
FN:17,(anonymous_2)
FN:21,(anonymous_3)
FN:25,(anonymous_4)
FN:29,(anonymous_5)
FN:33,(anonymous_6)
FNF:7
FNH:1
FNDA:7,(anonymous_0)
FNDA:0,(anonymous_1)
FNDA:0,(anonymous_2)
FNDA:0,(anonymous_3)
FNDA:0,(anonymous_4)
FNDA:0,(anonymous_5)
FNDA:0,(anonymous_6)
DA:7,1
DA:8,7
DA:10,7
DA:14,0
DA:18,0
DA:22,0
DA:26,0
DA:30,0
DA:34,0
LF:9
LH:3
BRF:0
BRH:0
end_of_record
TN:
SF:/home/jesus/code/practice/otros/Testing with Angular/src/app/exercises/4- user-component/users.component.ts
FN:10,(anonymous_0)
FN:12,(anonymous_1)
FN:14,(anonymous_2)
FN:17,(anonymous_3)
FN:23,(anonymous_4)
FN:30,(anonymous_5)
FNF:6
FNH:5
FNDA:7,(anonymous_0)
FNDA:1,(anonymous_1)
FNDA:1,(anonymous_2)
FNDA:0,(anonymous_3)
FNDA:6,(anonymous_4)
FNDA:2,(anonymous_5)
DA:10,7
DA:14,1
DA:18,0
DA:19,0
DA:24,6
DA:25,4
DA:26,4
DA:28,4
DA:31,2
DA:32,2
LF:10
LH:8
BRDA:18,0,0,0
BRDA:18,0,1,0
BRDA:24,1,0,4
BRDA:24,1,1,2
BRF:4
BRH:2
end_of_record
TN:
SF:/home/jesus/code/practice/otros/Testing with Angular/src/app/part1/01-fundamentals/compute.ts
FN:1,compute
FNF:1
FNH:1
FNDA:2,compute
DA:2,2
DA:3,1
DA:6,1
LF:3
LH:3
BRDA:2,0,0,1
BRDA:2,0,1,1
BRF:2
BRH:2
end_of_record
TN:
SF:/home/jesus/code/practice/otros/Testing with Angular/src/app/part1/02-arrays-and-strings/getCurrencies.ts
FN:2,getCurrencies
FNF:1
FNH:1
FNDA:1,getCurrencies
DA:3,1
LF:1
LH:1
BRF:0
BRH:0
end_of_record
TN:
SF:/home/jesus/code/practice/otros/Testing with Angular/src/app/part1/02-arrays-and-strings/greet.ts
FN:2,greet
FNF:1
FNH:1
FNDA:1,greet
DA:3,1
LF:1
LH:1
BRF:0
BRH:0
end_of_record
TN:
SF:/home/jesus/code/practice/otros/Testing with Angular/src/app/part1/03-setup-and-teardown/vote.component.ts
FN:1,(anonymous_0)
FN:4,(anonymous_1)
FN:8,(anonymous_2)
FNF:3
FNH:3
FNDA:2,(anonymous_0)
FNDA:1,(anonymous_1)
FNDA:1,(anonymous_2)
DA:2,2
DA:5,1
DA:9,1
LF:3
LH:3
BRF:0
BRH:0
end_of_record
TN:
SF:/home/jesus/code/practice/otros/Testing with Angular/src/app/part1/04-forms/todo-form.component.ts
FN:6,(anonymous_0)
FNF:1
FNH:1
FNDA:2,(anonymous_0)
DA:7,2
LF:1
LH:1
BRF:0
BRH:0
end_of_record
TN:
SF:/home/jesus/code/practice/otros/Testing with Angular/src/app/part1/05-event-emitters/vote.component.ts
FN:3,(anonymous_0)
FN:7,(anonymous_1)
FNF:2
FNH:2
FNDA:1,(anonymous_0)
FNDA:1,(anonymous_1)
DA:4,1
DA:5,1
DA:8,1
DA:9,1
LF:4
LH:4
BRF:0
BRH:0
end_of_record
TN:
SF:/home/jesus/code/practice/otros/Testing with Angular/src/app/part1/06-services/todo.service.ts
FN:6,(anonymous_0)
FN:9,(anonymous_1)
FN:13,(anonymous_2)
FN:17,(anonymous_3)
FNF:4
FNH:4
FNDA:10,(anonymous_0)
FNDA:1,(anonymous_1)
FNDA:1,(anonymous_2)
FNDA:1,(anonymous_3)
DA:4,10
DA:6,10
DA:10,1
DA:14,1
DA:18,1
LF:5
LH:5
BRF:0
BRH:0
end_of_record
TN:
SF:/home/jesus/code/practice/otros/Testing with Angular/src/app/part1/06-services/todos.component.ts
FN:10,(anonymous_0)
FN:14,(anonymous_1)
FN:16,(anonymous_2)
FN:19,(anonymous_3)
FN:25,(anonymous_4)
FN:28,(anonymous_5)
FN:29,(anonymous_6)
FN:32,(anonymous_7)
FNF:8
FNH:7
FNDA:7,(anonymous_0)
FNDA:1,(anonymous_1)
FNDA:1,(anonymous_2)
FNDA:0,(anonymous_3)
FNDA:3,(anonymous_4)
FNDA:1,(anonymous_5)
FNDA:1,(anonymous_6)
FNDA:3,(anonymous_7)
DA:6,7
DA:10,7
DA:16,1
DA:20,0
DA:21,0
DA:26,3
DA:27,3
DA:28,1
DA:29,1
DA:33,3
DA:34,2
LF:11
LH:9
BRDA:20,0,0,0
BRDA:20,0,1,0
BRDA:33,1,0,2
BRDA:33,1,1,1
BRF:4
BRH:2
end_of_record
TN:
SF:/home/jesus/code/practice/otros/Testing with Angular/src/app/part2/highlight.directive.ts
FN:10,(anonymous_0)
FN:13,(anonymous_1)
FNF:2
FNH:2
FNDA:4,(anonymous_0)
FNDA:4,(anonymous_1)
DA:6,1
DA:7,4
DA:8,1
DA:10,4
DA:14,4
LF:5
LH:5
BRDA:14,0,0,4
BRDA:14,0,1,2
BRF:2
BRH:2
end_of_record
TN:
SF:/home/jesus/code/practice/otros/Testing with Angular/src/app/part2/1-voter/voter.component.ts
FN:8,(anonymous_0)
FN:14,(anonymous_1)
FN:24,(anonymous_2)
FN:34,(anonymous_3)
FNF:4
FNH:3
FNDA:3,(anonymous_0)
FNDA:1,(anonymous_1)
FNDA:0,(anonymous_2)
FNDA:5,(anonymous_3)
DA:8,1
DA:9,3
DA:10,3
DA:12,3
DA:15,1
DA:16,0
DA:19,1
DA:21,1
DA:25,0
DA:26,0
DA:29,0
DA:31,0
DA:35,5
LF:13
LH:8
BRDA:15,0,0,0
BRDA:15,0,1,1
BRDA:25,1,0,0
BRDA:25,1,1,0
BRF:4
BRH:1
end_of_record
TN:
SF:/home/jesus/code/practice/otros/Testing with Angular/src/app/part2/2-todos/todo.service.ts
FN:7,(anonymous_0)
FN:10,(anonymous_1)
FN:14,(anonymous_2)
FN:18,(anonymous_3)
FN:22,(anonymous_4)
FNF:5
FNH:1
FNDA:2,(anonymous_0)
FNDA:0,(anonymous_1)
FNDA:0,(anonymous_2)
FNDA:0,(anonymous_3)
FNDA:0,(anonymous_4)
DA:6,1
DA:7,2
DA:11,0
DA:15,0
DA:19,0
DA:23,0
LF:6
LH:2
BRF:0
BRH:0
end_of_record
TN:
SF:/home/jesus/code/practice/otros/Testing with Angular/src/app/part2/2-todos/todos.component.ts
FN:14,(anonymous_0)
FN:17,(anonymous_1)
FN:19,(anonymous_2)
FN:26,(anonymous_3)
FN:29,(anonymous_4)
FN:30,(anonymous_5)
FN:33,(anonymous_6)
FNF:7
FNH:3
FNDA:2,(anonymous_0)
FNDA:1,(anonymous_1)
FNDA:1,(anonymous_2)
FNDA:0,(anonymous_3)
FNDA:0,(anonymous_4)
FNDA:0,(anonymous_5)
FNDA:0,(anonymous_6)
DA:10,1
DA:11,2
DA:14,2
DA:19,1
DA:20,1
DA:21,1
DA:27,0
DA:28,0
DA:29,0
DA:30,0
DA:34,0
DA:35,0
LF:12
LH:6
BRDA:34,0,0,0
BRDA:34,0,1,0
BRF:2
BRH:0
end_of_record
TN:
SF:/home/jesus/code/practice/otros/Testing with Angular/src/app/part2/3-user-details/user-details.component.ts
FN:10,(anonymous_0)
FN:13,(anonymous_1)
FN:14,(anonymous_2)
FN:21,(anonymous_3)
FNF:4
FNH:4
FNDA:2,(anonymous_0)
FNDA:2,(anonymous_1)
FNDA:1,(anonymous_2)
FNDA:1,(anonymous_3)
DA:9,1
DA:10,2
DA:14,2
DA:15,1
DA:16,1
DA:22,1
LF:6
LH:6
BRDA:15,0,0,1
BRDA:15,0,1,0
BRF:2
BRH:1
end_of_record
TN:
SF:/home/jesus/code/practice/otros/Testing with Angular/src/app/part2/home/home.component.ts
FN:11,(anonymous_0)
FN:13,(anonymous_1)
FN:16,(anonymous_2)
FNF:3
FNH:0
FNDA:0,(anonymous_0)
FNDA:0,(anonymous_1)
FNDA:0,(anonymous_2)
DA:9,1
DA:11,0
DA:17,0
LF:3
LH:1
BRF:0
BRH:0
end_of_record
TN:
SF:/home/jesus/code/practice/otros/Testing with Angular/src/app/part2/users/users.component.ts
FN:10,(anonymous_0)
FN:12,(anonymous_1)
FNF:2
FNH:2
FNDA:1,(anonymous_0)
FNDA:1,(anonymous_1)
DA:8,1
LF:1
LH:1
BRF:0
BRH:0
end_of_record
